<?xml version="1.0" encoding="utf-8" standalone="no"?>
<test-results xmlns:xsi="http://www.w3.org/2001/XMLSchema-instance" xsi:noNamespaceSchemaLocation="nunit_schema_2.5.xsd" name="Pester" total="2" errors="0" failures="0" not-run="0" inconclusive="0" ignored="0" skipped="0" invalid="0" date="2020-10-10" time="12:17:40">
  <environment os-version="10.0.19041" machine-name="Z-CANVAS" clr-version="Unknown" cwd="C:\Users\terit\Documents\PowerShell" user-domain="Z-CANVAS" user="terit" platform="Microsoft Windows 10 Pro|C:\WINDOWS|\Device\Harddisk0\Partition3" nunit-version="2.5.8.0" />
  <culture-info current-culture="ja-JP" current-uiculture="ja-JP" />
  <test-suite type="TestFixture" name="Pester" executed="True" result="Success" success="True" time="5.4737" asserts="0" description="Pester">
    <results>
      <test-suite type="TestFixture" name="C:\Users\terit\Repos\PowershellTips\PesterSample\Simple.Tests.ps1" executed="True" result="Success" success="True" time="5.4737" asserts="0" description="C:\Users\terit\Repos\PowershellTips\PesterSample\Simple.Tests.ps1">
        <results>
          <test-suite type="TestFixture" name="d" executed="True" result="Success" success="True" time="3.2343" asserts="0" description="d">
            <results>
              <test-case description="i" name="d.i" time="0.4168" asserts="0" success="True" result="Success" executed="True" />
              <test-case description="j" name="d.j" time="0.0258" asserts="0" success="True" result="Success" executed="True" />
            </results>
          </test-suite>
        </results>
      </test-suite>
    </results>
  </test-suite>
</test-results>